<?xml version="1.0" encoding="UTF-8"?>
<testng-results ignored="0" total="3" passed="3" failed="0" skipped="0">
  <reporter-output>
  </reporter-output>
  <suite started-at="2020-03-30T01:22:29 EET" name="pixelogicTest" finished-at="2020-03-30T01:23:16 EET" duration-ms="47187">
    <groups>
    </groups>
    <test started-at="2020-03-30T01:22:29 EET" name="test1" finished-at="2020-03-30T01:23:16 EET" duration-ms="47187">
      <class name="com.phptravels.testcases.RegisterPageTest">
        <test-method is-config="true" signature="setUp(java.lang.String, java.lang.reflect.Method)[pri:0, instance:com.phptravels.testcases.RegisterPageTest@1f75a668]" started-at="2020-03-30T01:22:29 EET" name="setUp" finished-at="2020-03-30T01:22:42 EET" duration-ms="12899" status="PASS">
          <params>
            <param index="0">
              <value>
                <![CDATA[chrome]]>
              </value>
            </param>
            <param index="1">
              <value>
                <![CDATA[public void com.phptravels.testcases.RegisterPageTest.urlCheck() throws java.io.IOException]]>
              </value>
            </param>
          </params>
          <reporter-output>
          </reporter-output>
        </test-method> <!-- setUp -->
        <test-method signature="urlCheck()[pri:1, instance:com.phptravels.testcases.RegisterPageTest@1f75a668]" started-at="2020-03-30T01:22:42 EET" name="urlCheck" finished-at="2020-03-30T01:22:42 EET" duration-ms="11" status="PASS">
          <reporter-output>
          </reporter-output>
        </test-method> <!-- urlCheck -->
        <test-method is-config="true" signature="exitAll(java.lang.reflect.Method)[pri:0, instance:com.phptravels.testcases.RegisterPageTest@1f75a668]" started-at="2020-03-30T01:22:42 EET" name="exitAll" finished-at="2020-03-30T01:22:43 EET" duration-ms="1307" status="PASS">
          <params>
            <param index="0">
              <value>
                <![CDATA[public void com.phptravels.testcases.RegisterPageTest.urlCheck() throws java.io.IOException]]>
              </value>
            </param>
          </params>
          <reporter-output>
          </reporter-output>
        </test-method> <!-- exitAll -->
        <test-method is-config="true" signature="setUp(java.lang.String, java.lang.reflect.Method)[pri:0, instance:com.phptravels.testcases.RegisterPageTest@1f75a668]" started-at="2020-03-30T01:22:43 EET" name="setUp" finished-at="2020-03-30T01:22:54 EET" duration-ms="11141" status="PASS">
          <params>
            <param index="0">
              <value>
                <![CDATA[chrome]]>
              </value>
            </param>
            <param index="1">
              <value>
                <![CDATA[public void com.phptravels.testcases.RegisterPageTest.validateRegisteration(java.lang.String,java.lang.String,java.lang.String,java.lang.String,java.lang.String,java.lang.String) throws java.io.IOException]]>
              </value>
            </param>
          </params>
          <reporter-output>
          </reporter-output>
        </test-method> <!-- setUp -->
        <test-method signature="validateRegisteration(java.lang.String, java.lang.String, java.lang.String, java.lang.String, java.lang.String, java.lang.String)[pri:2, instance:com.phptravels.testcases.RegisterPageTest@1f75a668]" started-at="2020-03-30T01:22:54 EET" name="validateRegisteration" data-provider="testData" finished-at="2020-03-30T01:22:58 EET" duration-ms="3534" status="PASS">
          <params>
            <param index="0">
              <value>
                <![CDATA[Ahmed]]>
              </value>
            </param>
            <param index="1">
              <value>
                <![CDATA[Gabr]]>
              </value>
            </param>
            <param index="2">
              <value>
                <![CDATA[01015275049]]>
              </value>
            </param>
            <param index="3">
              <value>
                <![CDATA[ah2el121g53n4@gmail.com]]>
              </value>
            </param>
            <param index="4">
              <value>
                <![CDATA[Amg123amg456]]>
              </value>
            </param>
            <param index="5">
              <value>
                <![CDATA[Amg123amg456]]>
              </value>
            </param>
          </params>
          <reporter-output>
          </reporter-output>
        </test-method> <!-- validateRegisteration -->
        <test-method is-config="true" signature="exitAll(java.lang.reflect.Method)[pri:0, instance:com.phptravels.testcases.RegisterPageTest@1f75a668]" started-at="2020-03-30T01:22:58 EET" name="exitAll" finished-at="2020-03-30T01:22:59 EET" duration-ms="1152" status="PASS">
          <params>
            <param index="0">
              <value>
                <![CDATA[public void com.phptravels.testcases.RegisterPageTest.validateRegisteration(java.lang.String,java.lang.String,java.lang.String,java.lang.String,java.lang.String,java.lang.String) throws java.io.IOException]]>
              </value>
            </param>
          </params>
          <reporter-output>
          </reporter-output>
        </test-method> <!-- exitAll -->
      </class> <!-- com.phptravels.testcases.RegisterPageTest -->
      <class name="com.phptravels.testcases.LoginPageTest">
        <test-method is-config="true" signature="setUp(java.lang.String, java.lang.reflect.Method)[pri:0, instance:com.phptravels.testcases.LoginPageTest@35399441]" started-at="2020-03-30T01:22:59 EET" name="setUp" finished-at="2020-03-30T01:23:10 EET" duration-ms="11193" status="PASS">
          <params>
            <param index="0">
              <value>
                <![CDATA[chrome]]>
              </value>
            </param>
            <param index="1">
              <value>
                <![CDATA[public void com.phptravels.testcases.LoginPageTest.valdiateLogin(java.lang.String,java.lang.String) throws java.io.IOException]]>
              </value>
            </param>
          </params>
          <reporter-output>
          </reporter-output>
        </test-method> <!-- setUp -->
        <test-method signature="valdiateLogin(java.lang.String, java.lang.String)[pri:1, instance:com.phptravels.testcases.LoginPageTest@35399441]" started-at="2020-03-30T01:23:10 EET" name="valdiateLogin" data-provider="testData" finished-at="2020-03-30T01:23:15 EET" duration-ms="4611" status="PASS">
          <params>
            <param index="0">
              <value>
                <![CDATA[ah2el121g53n4@gmail.com]]>
              </value>
            </param>
            <param index="1">
              <value>
                <![CDATA[Amg123amg456]]>
              </value>
            </param>
          </params>
          <reporter-output>
          </reporter-output>
        </test-method> <!-- valdiateLogin -->
        <test-method is-config="true" signature="exitAll(java.lang.reflect.Method)[pri:0, instance:com.phptravels.testcases.LoginPageTest@35399441]" started-at="2020-03-30T01:23:15 EET" name="exitAll" finished-at="2020-03-30T01:23:16 EET" duration-ms="1252" status="PASS">
          <params>
            <param index="0">
              <value>
                <![CDATA[public void com.phptravels.testcases.LoginPageTest.valdiateLogin(java.lang.String,java.lang.String) throws java.io.IOException]]>
              </value>
            </param>
          </params>
          <reporter-output>
          </reporter-output>
        </test-method> <!-- exitAll -->
      </class> <!-- com.phptravels.testcases.LoginPageTest -->
    </test> <!-- test1 -->
  </suite> <!-- pixelogicTest -->
</testng-results>
