<?xml version="1.0" encoding="UTF-8"?>
<testsuite xmlns:xsi="http://www.w3.org/2001/XMLSchema-instance" xsi:noNamespaceSchemaLocation="https://maven.apache.org/surefire/maven-surefire-plugin/xsd/surefire-test-report.xsd" name="TestSuite" time="48.662" tests="3" errors="0" skipped="0" failures="0">
  <properties>
[...]
</properties>
  <testcase name="urlCheck" classname="com.phptravels.testcases.RegisterPageTest" time="0.012"/>
  <testcase name="validateRegisteration" classname="com.phptravels.testcases.RegisterPageTest" time="3.534"/>
  <testcase name="valdiateLogin" classname="com.phptravels.testcases.LoginPageTest" time="4.612"/>
</testsuite>