<?xml version="1.0" encoding="UTF-8"?>
<!-- Generated by org.testng.reporters.JUnitXMLReporter -->
<testsuite ignored="0" hostname="ag496" failures="0" tests="3" name="test1" time="47.187" errors="0" timestamp="2020-03-30T01:23:16 EET">
  <testcase classname="com.phptravels.testcases.RegisterPageTest" name="urlCheck" time="0.011"/>
  <testcase classname="com.phptravels.testcases.RegisterPageTest" name="validateRegisteration" time="3.534"/>
  <testcase classname="com.phptravels.testcases.LoginPageTest" name="valdiateLogin" time="4.611"/>
</testsuite> <!-- test1 -->
